2022-09-23 22:03:18,601 [Worker-8: Loading available Gradle versions] INFO  o.e.b.c.i.u.g.PublishedGradleVersions - Gradle version information cache is out-of-date. Trying to update.
2022-09-24 21:26:31,722 [Worker-1: Loading available Gradle versions] INFO  o.e.b.c.i.u.g.PublishedGradleVersions - Gradle version information cache is not available. Remote download required.
2022-09-24 21:28:34,973 [Worker-7: Loading available Gradle versions] INFO  o.e.b.c.i.u.g.PublishedGradleVersions - Gradle version information cache is up-to-date. Trying to read.
2022-09-24 21:56:57,543 [Worker-35: Cloning from file:///C:\Users\trsiv_\Desktop\JavaOdev] WARN  org.eclipse.jgit.lib.Repository - close() called when useCnt is already zero for Repository[C:\Users\trsiv_\git\JavaOdev\.git]
2022-09-24 22:02:20,900 [Worker-1: Loading available Gradle versions] INFO  o.e.b.c.i.u.g.PublishedGradleVersions - Gradle version information cache is up-to-date. Trying to read.
2022-09-24 22:41:46,868 [Worker-7: Loading available Gradle versions] INFO  o.e.b.c.i.u.g.PublishedGradleVersions - Gradle version information cache is up-to-date. Trying to read.
2022-09-24 23:24:41,455 [Worker-7: Loading available Gradle versions] INFO  o.e.b.c.i.u.g.PublishedGradleVersions - Gradle version information cache is up-to-date. Trying to read.
2022-09-25 12:36:38,860 [Worker-2: Loading available Gradle versions] INFO  o.e.b.c.i.u.g.PublishedGradleVersions - Gradle version information cache is up-to-date. Trying to read.
2022-09-25 12:56:53,762 [Worker-9: Loading available Gradle versions] INFO  o.e.b.c.i.u.g.PublishedGradleVersions - Gradle version information cache is up-to-date. Trying to read.
2022-09-25 14:30:47,425 [Start Help Server] INFO  org.eclipse.jetty.server.Server - jetty-10.0.11; built: 2022-06-21T21:12:44.640Z; git: d988aa016e0bb2de6fba84c1659049c72eae3e32; jvm 17.0.4.1+1
2022-09-25 14:30:47,444 [Start Help Server] INFO  o.e.j.s.s.DefaultSessionIdManager - Session workerName=node0
2022-09-25 14:30:47,463 [Start Help Server] INFO  o.e.j.server.handler.ContextHandler - Started o.e.j.s.ServletContextHandler@120e185b{/help,null,AVAILABLE}
2022-09-25 14:30:47,490 [Start Help Server] INFO  o.e.jetty.server.AbstractConnector - Started ServerConnector@38f932ab{HTTP/1.1, (http/1.1)}{127.0.0.1:62080}
2022-09-25 14:30:47,499 [Start Help Server] INFO  org.eclipse.jetty.server.Server - Started Server@3db052be{STARTING}[10.0.11,sto=0] @5691401ms
2022-09-25 14:48:32,859 [Stop Help Server] INFO  org.eclipse.jetty.server.Server - Stopped Server@3db052be{STOPPING}[10.0.11,sto=0]
2022-09-25 14:48:32,861 [Stop Help Server] INFO  o.e.jetty.server.AbstractConnector - Stopped ServerConnector@38f932ab{HTTP/1.1, (http/1.1)}{127.0.0.1:0}
2022-09-25 14:48:32,885 [Stop Help Server] INFO  o.e.j.server.handler.ContextHandler - Stopped o.e.j.s.ServletContextHandler@120e185b{/help,null,STOPPED}
2022-09-25 17:09:30,512 [Worker-6: Loading available Gradle versions] INFO  o.e.b.c.i.u.g.PublishedGradleVersions - Gradle version information cache is up-to-date. Trying to read.
2022-09-25 21:00:14,430 [Worker-2: Loading available Gradle versions] INFO  o.e.b.c.i.u.g.PublishedGradleVersions - Gradle version information cache is up-to-date. Trying to read.
2022-09-26 22:27:53,297 [Worker-6: Loading available Gradle versions] INFO  o.e.b.c.i.u.g.PublishedGradleVersions - Gradle version information cache is out-of-date. Trying to update.
2022-09-26 23:07:15,281 [Worker-31: Close Project] ERROR o.e.m.c.i.p.r.ProjectRegistryReader - Can't write workspace state
java.io.FileNotFoundException: C:\Users\trsiv_\Desktop\JavaOdev\.metadata\.plugins\org.eclipse.m2e.core\workspaceState.ser (Sistem belirtilen yolu bulamýyor)
	at java.base/java.io.FileOutputStream.open0(Native Method) ~[na:na]
	at java.base/java.io.FileOutputStream.open(FileOutputStream.java:293) ~[na:na]
	at java.base/java.io.FileOutputStream.<init>(FileOutputStream.java:235) ~[na:na]
	at java.base/java.io.FileOutputStream.<init>(FileOutputStream.java:184) ~[na:na]
	at org.eclipse.m2e.core.internal.project.registry.ProjectRegistryReader.createObjectOutputStream(ProjectRegistryReader.java:128) ~[na:na]
	at org.eclipse.m2e.core.internal.project.registry.ProjectRegistryReader.writeWorkspaceState(ProjectRegistryReader.java:117) ~[na:na]
	at org.eclipse.m2e.core.internal.project.registry.ProjectRegistryManager.writeWorkspaceState(ProjectRegistryManager.java:987) ~[na:na]
	at org.eclipse.m2e.core.internal.project.registry.ProjectRegistryManager.saving(ProjectRegistryManager.java:1199) ~[na:na]
	at org.eclipse.core.internal.resources.SaveManager.executeLifecycle(SaveManager.java:394) ~[na:na]
	at org.eclipse.core.internal.resources.SaveManager$1.run(SaveManager.java:210) ~[na:na]
	at org.eclipse.core.runtime.SafeRunner.run(SafeRunner.java:45) ~[org.eclipse.equinox.common_3.16.200.v20220817-1601.jar:na]
	at org.eclipse.core.internal.resources.SaveManager.broadcastLifecycle(SaveManager.java:213) ~[na:na]
	at org.eclipse.core.internal.resources.SaveManager.save(SaveManager.java:1171) ~[na:na]
	at org.eclipse.core.internal.resources.SaveManager.save(SaveManager.java:1150) ~[na:na]
	at org.eclipse.core.internal.resources.Project.close(Project.java:203) ~[na:na]
	at org.eclipse.ui.actions.CloseResourceAction.invokeOperation(CloseResourceAction.java:171) ~[na:na]
	at org.eclipse.ui.actions.WorkspaceAction.execute(WorkspaceAction.java:159) ~[na:na]
	at org.eclipse.ui.actions.WorkspaceAction$1.runInWorkspace(WorkspaceAction.java:455) ~[na:na]
	at org.eclipse.core.internal.resources.InternalWorkspaceJob.run(InternalWorkspaceJob.java:43) ~[na:na]
	at org.eclipse.core.internal.jobs.Worker.run(Worker.java:63) ~[org.eclipse.core.jobs_3.13.100.v20220817-1539.jar:na]
2022-09-26 23:12:15,345 [Worker-35: Periodic workspace save.] ERROR o.e.m.c.i.p.r.ProjectRegistryReader - Can't write workspace state
java.io.FileNotFoundException: C:\Users\trsiv_\Desktop\JavaOdev\.metadata\.plugins\org.eclipse.m2e.core\workspaceState.ser (Sistem belirtilen yolu bulamýyor)
	at java.base/java.io.FileOutputStream.open0(Native Method) ~[na:na]
	at java.base/java.io.FileOutputStream.open(FileOutputStream.java:293) ~[na:na]
	at java.base/java.io.FileOutputStream.<init>(FileOutputStream.java:235) ~[na:na]
	at java.base/java.io.FileOutputStream.<init>(FileOutputStream.java:184) ~[na:na]
	at org.eclipse.m2e.core.internal.project.registry.ProjectRegistryReader.createObjectOutputStream(ProjectRegistryReader.java:128) ~[na:na]
	at org.eclipse.m2e.core.internal.project.registry.ProjectRegistryReader.writeWorkspaceState(ProjectRegistryReader.java:117) ~[na:na]
	at org.eclipse.m2e.core.internal.project.registry.ProjectRegistryManager.writeWorkspaceState(ProjectRegistryManager.java:987) ~[na:na]
	at org.eclipse.m2e.core.internal.project.registry.ProjectRegistryManager.saving(ProjectRegistryManager.java:1199) ~[na:na]
	at org.eclipse.core.internal.resources.SaveManager.executeLifecycle(SaveManager.java:394) ~[na:na]
	at org.eclipse.core.internal.resources.SaveManager$1.run(SaveManager.java:210) ~[na:na]
	at org.eclipse.core.runtime.SafeRunner.run(SafeRunner.java:45) ~[org.eclipse.equinox.common_3.16.200.v20220817-1601.jar:na]
	at org.eclipse.core.internal.resources.SaveManager.broadcastLifecycle(SaveManager.java:213) ~[na:na]
	at org.eclipse.core.internal.resources.SaveManager.save(SaveManager.java:1171) ~[na:na]
	at org.eclipse.core.internal.resources.SaveManager.save(SaveManager.java:1150) ~[na:na]
	at org.eclipse.core.internal.resources.DelayedSnapshotJob.run(DelayedSnapshotJob.java:51) ~[na:na]
	at org.eclipse.core.internal.jobs.Worker.run(Worker.java:63) ~[org.eclipse.core.jobs_3.13.100.v20220817-1539.jar:na]
2022-10-06 22:50:04,579 [Worker-2: Loading available Gradle versions] INFO  o.e.b.c.i.u.g.PublishedGradleVersions - Gradle version information cache is out-of-date. Trying to update.
2022-10-09 22:02:22,771 [Worker-7: Loading available Gradle versions] INFO  o.e.b.c.i.u.g.PublishedGradleVersions - Gradle version information cache is up-to-date. Trying to read.
2022-10-09 22:55:47,211 [Worker-1: Loading available Gradle versions] INFO  o.e.b.c.i.u.g.PublishedGradleVersions - Gradle version information cache is up-to-date. Trying to read.
